0 info it worked if it ends with ok
1 verbose cli [ '/home/joseph/.nvm/versions/node/v5.11.1/bin/node',
1 verbose cli   '/home/joseph/.nvm/versions/node/v5.11.1/bin/npm',
1 verbose cli   'start' ]
2 info using npm@3.8.6
3 info using node@v5.11.1
4 verbose run-script [ 'prestart', 'start', 'poststart' ]
5 info lifecycle jboard-backend@0.0.1~prestart: jboard-backend@0.0.1
6 silly lifecycle jboard-backend@0.0.1~prestart: no script for prestart, continuing
7 info lifecycle jboard-backend@0.0.1~start: jboard-backend@0.0.1
8 verbose lifecycle jboard-backend@0.0.1~start: unsafe-perm in lifecycle true
9 verbose lifecycle jboard-backend@0.0.1~start: PATH: /home/joseph/.nvm/versions/node/v5.11.1/lib/node_modules/npm/bin/node-gyp-bin:/var/www/html/personalproj/jBoards-backend/node_modules/.bin:/home/joseph/.nvm/versions/node/v5.11.1/bin:/home/joseph/.nvm/versions/node/v5.11.1/bin:/usr/local/sbin:/usr/local/bin:/usr/sbin:/usr/bin:/sbin:/bin:/usr/games:/usr/local/games:/snap/bin
10 verbose lifecycle jboard-backend@0.0.1~start: CWD: /var/www/html/personalproj/jBoards-backend
11 silly lifecycle jboard-backend@0.0.1~start: Args: [ '-c', 'node server.js' ]
12 silly lifecycle jboard-backend@0.0.1~start: Returned: code: 1  signal: null
13 info lifecycle jboard-backend@0.0.1~start: Failed to exec start script
14 verbose stack Error: jboard-backend@0.0.1 start: `node server.js`
14 verbose stack Exit status 1
14 verbose stack     at EventEmitter.<anonymous> (/home/joseph/.nvm/versions/node/v5.11.1/lib/node_modules/npm/lib/utils/lifecycle.js:239:16)
14 verbose stack     at emitTwo (events.js:100:13)
14 verbose stack     at EventEmitter.emit (events.js:185:7)
14 verbose stack     at ChildProcess.<anonymous> (/home/joseph/.nvm/versions/node/v5.11.1/lib/node_modules/npm/lib/utils/spawn.js:24:14)
14 verbose stack     at emitTwo (events.js:100:13)
14 verbose stack     at ChildProcess.emit (events.js:185:7)
14 verbose stack     at maybeClose (internal/child_process.js:850:16)
14 verbose stack     at Process.ChildProcess._handle.onexit (internal/child_process.js:215:5)
15 verbose pkgid jboard-backend@0.0.1
16 verbose cwd /var/www/html/personalproj/jBoards-backend
17 error Linux 4.4.0-21-generic
18 error argv "/home/joseph/.nvm/versions/node/v5.11.1/bin/node" "/home/joseph/.nvm/versions/node/v5.11.1/bin/npm" "start"
19 error node v5.11.1
20 error npm  v3.8.6
21 error code ELIFECYCLE
22 error jboard-backend@0.0.1 start: `node server.js`
22 error Exit status 1
23 error Failed at the jboard-backend@0.0.1 start script 'node server.js'.
23 error Make sure you have the latest version of node.js and npm installed.
23 error If you do, this is most likely a problem with the jboard-backend package,
23 error not with npm itself.
23 error Tell the author that this fails on your system:
23 error     node server.js
23 error You can get information on how to open an issue for this project with:
23 error     npm bugs jboard-backend
23 error Or if that isn't available, you can get their info via:
23 error     npm owner ls jboard-backend
23 error There is likely additional logging output above.
24 verbose exit [ 1, true ]
